{"/Users/gabrielvarli/christmas-project/frontend/src/App.tsx": {"path":"/Users/gabrielvarli/christmas-project/frontend/src/App.tsx","statementMap":{"0":{"start":{"line":1,"column":0},"end":{"line":1,"column":null}},"1":{"start":{"line":7,"column":0},"end":{"line":7,"column":19}},"2":{"start":{"line":8,"column":0},"end":{"line":8,"column":32}},"3":{"start":{"line":9,"column":0},"end":{"line":9,"column":32}},"4":{"start":{"line":10,"column":0},"end":{"line":10,"column":40}},"5":{"start":{"line":11,"column":0},"end":{"line":11,"column":54}},"6":{"start":{"line":12,"column":0},"end":{"line":12,"column":34}},"7":{"start":{"line":13,"column":0},"end":{"line":13,"column":38}},"8":{"start":{"line":14,"column":0},"end":{"line":14,"column":48}},"9":{"start":{"line":15,"column":0},"end":{"line":15,"column":55}},"10":{"start":{"line":16,"column":0},"end":{"line":16,"column":46}},"11":{"start":{"line":20,"column":17},"end":{"line":30,"column":null}},"12":{"start":{"line":33,"column":2},"end":{"line":37,"column":4}},"13":{"start":{"line":40,"column":0},"end":{"line":40,"column":19}}},"fnMap":{"0":{"name":"App","decl":{"start":{"line":18,"column":9},"end":{"line":18,"column":12}},"loc":{"start":{"line":18,"column":12},"end":{"line":38,"column":1}}}},"branchMap":{},"s":{"0":0,"1":0,"2":0,"3":0,"4":0,"5":0,"6":0,"7":0,"8":0,"9":0,"10":0,"11":0,"12":0,"13":0},"f":{"0":0},"b":{}}
,"/Users/gabrielvarli/christmas-project/frontend/src/main.tsx": {"path":"/Users/gabrielvarli/christmas-project/frontend/src/main.tsx","statementMap":{"0":{"start":{"line":1,"column":0},"end":{"line":1,"column":26}},"1":{"start":{"line":2,"column":0},"end":{"line":2,"column":40}},"2":{"start":{"line":3,"column":0},"end":{"line":3,"column":28}},"3":{"start":{"line":4,"column":0},"end":{"line":4,"column":21}},"4":{"start":{"line":6,"column":0},"end":{"line":10,"column":2}}},"fnMap":{},"branchMap":{},"s":{"0":0,"1":0,"2":0,"3":0,"4":0},"f":{},"b":{}}
,"/Users/gabrielvarli/christmas-project/frontend/src/components/BlinkingSanta.tsx": {"path":"/Users/gabrielvarli/christmas-project/frontend/src/components/BlinkingSanta.tsx","statementMap":{"0":{"start":{"line":1,"column":0},"end":{"line":1,"column":51}},"1":{"start":{"line":3,"column":32},"end":{"line":27,"column":1}},"2":{"start":{"line":4,"column":36},"end":{"line":4,"column":59}},"3":{"start":{"line":6,"column":2},"end":{"line":12,"column":9}},"4":{"start":{"line":7,"column":21},"end":{"line":9,"column":11}},"5":{"start":{"line":8,"column":6},"end":{"line":8,"column":36}},"6":{"start":{"line":8,"column":29},"end":{"line":8,"column":34}},"7":{"start":{"line":11,"column":4},"end":{"line":11,"column":41}},"8":{"start":{"line":11,"column":17},"end":{"line":11,"column":40}},"9":{"start":{"line":14,"column":2},"end":{"line":26,"column":4}},"10":{"start":{"line":29,"column":0},"end":{"line":29,"column":29}}},"fnMap":{"0":{"name":"(anonymous_0)","decl":{"start":{"line":3,"column":32},"end":{"line":3,"column":35}},"loc":{"start":{"line":3,"column":37},"end":{"line":27,"column":1}}},"1":{"name":"(anonymous_1)","decl":{"start":{"line":6,"column":12},"end":{"line":6,"column":15}},"loc":{"start":{"line":6,"column":17},"end":{"line":12,"column":3}}},"2":{"name":"(anonymous_2)","decl":{"start":{"line":7,"column":33},"end":{"line":7,"column":36}},"loc":{"start":{"line":7,"column":38},"end":{"line":9,"column":5}}},"3":{"name":"(anonymous_3)","decl":{"start":{"line":8,"column":19},"end":{"line":8,"column":20}},"loc":{"start":{"line":8,"column":29},"end":{"line":8,"column":34}}},"4":{"name":"(anonymous_4)","decl":{"start":{"line":11,"column":11},"end":{"line":11,"column":14}},"loc":{"start":{"line":11,"column":17},"end":{"line":11,"column":40}}}},"branchMap":{"0":{"loc":{"start":{"line":16,"column":7},"end":{"line":23,"column":null}},"type":"binary-expr","locations":[{"start":{"line":16,"column":7},"end":{"line":16,"column":16}},{"start":{"line":17,"column":8},"end":{"line":22,"column":null}}]}},"s":{"0":0,"1":0,"2":0,"3":0,"4":0,"5":0,"6":0,"7":0,"8":0,"9":0,"10":0},"f":{"0":0,"1":0,"2":0,"3":0,"4":0},"b":{"0":[0,0]}}
,"/Users/gabrielvarli/christmas-project/frontend/src/components/CountDownDetail.tsx": {"path":"/Users/gabrielvarli/christmas-project/frontend/src/components/CountDownDetail.tsx","statementMap":{"0":{"start":{"line":6,"column":50},"end":{"line":13,"column":1}},"1":{"start":{"line":7,"column":2},"end":{"line":12,"column":4}},"2":{"start":{"line":15,"column":0},"end":{"line":15,"column":31}}},"fnMap":{"0":{"name":"(anonymous_0)","decl":{"start":{"line":6,"column":50},"end":{"line":6,"column":51}},"loc":{"start":{"line":6,"column":72},"end":{"line":13,"column":1}}}},"branchMap":{},"s":{"0":1,"1":24,"2":1},"f":{"0":24},"b":{}}
,"/Users/gabrielvarli/christmas-project/frontend/src/components/Countdown.tsx": {"path":"/Users/gabrielvarli/christmas-project/frontend/src/components/Countdown.tsx","statementMap":{"0":{"start":{"line":1,"column":0},"end":{"line":1,"column":44}},"1":{"start":{"line":2,"column":0},"end":{"line":2,"column":48}},"2":{"start":{"line":11,"column":28},"end":{"line":59,"column":1}},"3":{"start":{"line":12,"column":21},"end":{"line":12,"column":69}},"4":{"start":{"line":13,"column":44},"end":{"line":18,"column":4}},"5":{"start":{"line":20,"column":33},"end":{"line":39,"column":3}},"6":{"start":{"line":21,"column":24},"end":{"line":21,"column":34}},"7":{"start":{"line":22,"column":21},"end":{"line":22,"column":45}},"8":{"start":{"line":24,"column":4},"end":{"line":31,"column":5}},"9":{"start":{"line":25,"column":6},"end":{"line":30,"column":8}},"10":{"start":{"line":33,"column":4},"end":{"line":38,"column":6}},"11":{"start":{"line":41,"column":2},"end":{"line":47,"column":19}},"12":{"start":{"line":42,"column":23},"end":{"line":44,"column":12}},"13":{"start":{"line":43,"column":6},"end":{"line":43,"column":49}},"14":{"start":{"line":46,"column":4},"end":{"line":46,"column":43}},"15":{"start":{"line":46,"column":17},"end":{"line":46,"column":42}},"16":{"start":{"line":49,"column":44},"end":{"line":49,"column":57}},"17":{"start":{"line":51,"column":2},"end":{"line":58,"column":4}},"18":{"start":{"line":61,"column":0},"end":{"line":61,"column":25}}},"fnMap":{"0":{"name":"(anonymous_1)","decl":{"start":{"line":11,"column":28},"end":{"line":11,"column":31}},"loc":{"start":{"line":11,"column":33},"end":{"line":59,"column":1}}},"1":{"name":"(anonymous_2)","decl":{"start":{"line":20,"column":33},"end":{"line":20,"column":36}},"loc":{"start":{"line":20,"column":38},"end":{"line":39,"column":3}}},"2":{"name":"(anonymous_3)","decl":{"start":{"line":41,"column":12},"end":{"line":41,"column":15}},"loc":{"start":{"line":41,"column":17},"end":{"line":47,"column":3}}},"3":{"name":"(anonymous_4)","decl":{"start":{"line":42,"column":35},"end":{"line":42,"column":38}},"loc":{"start":{"line":42,"column":40},"end":{"line":44,"column":5}}},"4":{"name":"(anonymous_5)","decl":{"start":{"line":46,"column":11},"end":{"line":46,"column":14}},"loc":{"start":{"line":46,"column":17},"end":{"line":46,"column":42}}}},"branchMap":{"0":{"loc":{"start":{"line":24,"column":4},"end":{"line":31,"column":5}},"type":"if","locations":[{"start":{"line":24,"column":4},"end":{"line":31,"column":5}}]}},"s":{"0":1,"1":1,"2":1,"3":6,"4":6,"5":6,"6":0,"7":0,"8":0,"9":0,"10":0,"11":6,"12":6,"13":0,"14":6,"15":6,"16":6,"17":6,"18":1},"f":{"0":6,"1":0,"2":6,"3":0,"4":6},"b":{"0":[0]}}
,"/Users/gabrielvarli/christmas-project/frontend/src/components/ErrorMessage.tsx": {"path":"/Users/gabrielvarli/christmas-project/frontend/src/components/ErrorMessage.tsx","statementMap":{"0":{"start":{"line":5,"column":43},"end":{"line":25,"column":1}},"1":{"start":{"line":6,"column":2},"end":{"line":24,"column":4}},"2":{"start":{"line":27,"column":0},"end":{"line":27,"column":28}}},"fnMap":{"0":{"name":"(anonymous_0)","decl":{"start":{"line":5,"column":43},"end":{"line":5,"column":44}},"loc":{"start":{"line":5,"column":56},"end":{"line":25,"column":1}}}},"branchMap":{},"s":{"0":1,"1":3,"2":1},"f":{"0":3},"b":{}}
,"/Users/gabrielvarli/christmas-project/frontend/src/components/Footer.tsx": {"path":"/Users/gabrielvarli/christmas-project/frontend/src/components/Footer.tsx","statementMap":{"0":{"start":{"line":1,"column":0},"end":{"line":1,"column":40}},"1":{"start":{"line":3,"column":15},"end":{"line":46,"column":1}},"2":{"start":{"line":4,"column":2},"end":{"line":45,"column":4}},"3":{"start":{"line":48,"column":0},"end":{"line":48,"column":22}}},"fnMap":{"0":{"name":"(anonymous_0)","decl":{"start":{"line":3,"column":15},"end":{"line":3,"column":18}},"loc":{"start":{"line":3,"column":20},"end":{"line":46,"column":1}}}},"branchMap":{},"s":{"0":0,"1":0,"2":0,"3":0},"f":{"0":0},"b":{}}
,"/Users/gabrielvarli/christmas-project/frontend/src/components/Header.tsx": {"path":"/Users/gabrielvarli/christmas-project/frontend/src/components/Header.tsx","statementMap":{"0":{"start":{"line":1,"column":0},"end":{"line":1,"column":63}},"1":{"start":{"line":2,"column":0},"end":{"line":2,"column":55}},"2":{"start":{"line":3,"column":0},"end":{"line":3,"column":33}},"3":{"start":{"line":4,"column":0},"end":{"line":4,"column":42}},"4":{"start":{"line":6,"column":15},"end":{"line":79,"column":1}},"5":{"start":{"line":7,"column":38},"end":{"line":7,"column":53}},"6":{"start":{"line":8,"column":22},"end":{"line":8,"column":31}},"7":{"start":{"line":10,"column":2},"end":{"line":10,"column":32}},"8":{"start":{"line":10,"column":20},"end":{"line":10,"column":32}},"9":{"start":{"line":12,"column":24},"end":{"line":12,"column":35}},"10":{"start":{"line":13,"column":21},"end":{"line":13,"column":30}},"11":{"start":{"line":15,"column":24},"end":{"line":15,"column":37}},"12":{"start":{"line":17,"column":29},"end":{"line":17,"column":65}},"13":{"start":{"line":17,"column":35},"end":{"line":17,"column":65}},"14":{"start":{"line":17,"column":59},"end":{"line":17,"column":64}},"15":{"start":{"line":19,"column":2},"end":{"line":78,"column":4}},"16":{"start":{"line":55,"column":14},"end":{"line":56,"column":null}},"17":{"start":{"line":81,"column":0},"end":{"line":81,"column":22}}},"fnMap":{"0":{"name":"(anonymous_1)","decl":{"start":{"line":6,"column":15},"end":{"line":6,"column":18}},"loc":{"start":{"line":6,"column":20},"end":{"line":79,"column":1}}},"1":{"name":"(anonymous_2)","decl":{"start":{"line":17,"column":29},"end":{"line":17,"column":32}},"loc":{"start":{"line":17,"column":35},"end":{"line":17,"column":65}}},"2":{"name":"(anonymous_3)","decl":{"start":{"line":17,"column":49},"end":{"line":17,"column":50}},"loc":{"start":{"line":17,"column":59},"end":{"line":17,"column":64}}},"3":{"name":"(anonymous_4)","decl":{"start":{"line":54,"column":23},"end":{"line":54,"column":24}},"loc":{"start":{"line":55,"column":14},"end":{"line":56,"column":null}}}},"branchMap":{"0":{"loc":{"start":{"line":10,"column":2},"end":{"line":10,"column":32}},"type":"if","locations":[{"start":{"line":10,"column":2},"end":{"line":10,"column":32}}]},"1":{"loc":{"start":{"line":42,"column":11},"end":{"line":45,"column":null}},"type":"binary-expr","locations":[{"start":{"line":42,"column":11},"end":{"line":42,"column":28}},{"start":{"line":43,"column":12},"end":{"line":44,"column":null}}]},"2":{"loc":{"start":{"line":53,"column":11},"end":{"line":73,"column":null}},"type":"cond-expr","locations":[{"start":{"line":54,"column":12},"end":{"line":69,"column":14}},{"start":{"line":71,"column":12},"end":{"line":71,"column":null}}]}},"s":{"0":0,"1":0,"2":0,"3":0,"4":0,"5":0,"6":0,"7":0,"8":0,"9":0,"10":0,"11":0,"12":0,"13":0,"14":0,"15":0,"16":0,"17":0},"f":{"0":0,"1":0,"2":0,"3":0},"b":{"0":[0],"1":[0,0],"2":[0,0]}}
,"/Users/gabrielvarli/christmas-project/frontend/src/components/Hero.tsx": {"path":"/Users/gabrielvarli/christmas-project/frontend/src/components/Hero.tsx","statementMap":{"0":{"start":{"line":47,"column":0},"end":{"line":47,"column":16}},"1":{"start":{"line":1,"column":0},"end":{"line":1,"column":40}},"2":{"start":{"line":4,"column":13},"end":{"line":43,"column":1}},"3":{"start":{"line":5,"column":2},"end":{"line":42,"column":4}},"4":{"start":{"line":45,"column":0},"end":{"line":45,"column":20}},"5":{"start":{"line":48,"column":46},"end":{"line":61,"column":4}},"6":{"start":{"line":63,"column":2},"end":{"line":65,"column":3}},"7":{"start":{"line":64,"column":4},"end":{"line":64,"column":26}},"8":{"start":{"line":67,"column":2},"end":{"line":67,"column":43}}},"fnMap":{"0":{"name":"(anonymous_0)","decl":{"start":{"line":4,"column":13},"end":{"line":4,"column":14}},"loc":{"start":{"line":4,"column":63},"end":{"line":43,"column":1}}},"1":{"name":"getHeroPropsForPage","decl":{"start":{"line":47,"column":16},"end":{"line":47,"column":35}},"loc":{"start":{"line":47,"column":48},"end":{"line":68,"column":1}}}},"branchMap":{"0":{"loc":{"start":{"line":23,"column":11},"end":{"line":37,"column":null}},"type":"binary-expr","locations":[{"start":{"line":23,"column":11},"end":{"line":23,"column":18}},{"start":{"line":24,"column":12},"end":{"line":36,"column":null}}]},"1":{"loc":{"start":{"line":63,"column":2},"end":{"line":65,"column":3}},"type":"if","locations":[{"start":{"line":63,"column":2},"end":{"line":65,"column":3}}]}},"s":{"0":2,"1":2,"2":2,"3":9,"4":2,"5":9,"6":9,"7":9,"8":0},"f":{"0":9,"1":9},"b":{"0":[9,6],"1":[9]}}
,"/Users/gabrielvarli/christmas-project/frontend/src/components/LoadingPage.tsx": {"path":"/Users/gabrielvarli/christmas-project/frontend/src/components/LoadingPage.tsx","statementMap":{"0":{"start":{"line":7,"column":44},"end":{"line":26,"column":1}},"1":{"start":{"line":8,"column":2},"end":{"line":25,"column":4}},"2":{"start":{"line":28,"column":0},"end":{"line":28,"column":27}}},"fnMap":{"0":{"name":"(anonymous_0)","decl":{"start":{"line":7,"column":44},"end":{"line":7,"column":45}},"loc":{"start":{"line":7,"column":57},"end":{"line":26,"column":1}}}},"branchMap":{},"s":{"0":0,"1":0,"2":0},"f":{"0":0},"b":{}}
,"/Users/gabrielvarli/christmas-project/frontend/src/components/Navbar.tsx": {"path":"/Users/gabrielvarli/christmas-project/frontend/src/components/Navbar.tsx","statementMap":{"0":{"start":{"line":21,"column":0},"end":{"line":21,"column":24}},"1":{"start":{"line":1,"column":0},"end":{"line":1,"column":47}},"2":{"start":{"line":2,"column":0},"end":{"line":2,"column":67}},"3":{"start":{"line":3,"column":0},"end":{"line":3,"column":53}},"4":{"start":{"line":10,"column":37},"end":{"line":15,"column":2}},"5":{"start":{"line":18,"column":2},"end":{"line":18,"column":43}},"6":{"start":{"line":22,"column":19},"end":{"line":22,"column":32}},"7":{"start":{"line":24,"column":2},"end":{"line":94,"column":4}},"8":{"start":{"line":27,"column":8},"end":{"line":90,"column":null}},"9":{"start":{"line":47,"column":22},"end":{"line":48,"column":null}},"10":{"start":{"line":73,"column":16},"end":{"line":74,"column":null}}},"fnMap":{"0":{"name":"classNames","decl":{"start":{"line":17,"column":9},"end":{"line":17,"column":19}},"loc":{"start":{"line":17,"column":69},"end":{"line":19,"column":1}}},"1":{"name":"Navbar","decl":{"start":{"line":21,"column":24},"end":{"line":21,"column":30}},"loc":{"start":{"line":21,"column":30},"end":{"line":95,"column":1}}},"2":{"name":"(anonymous_2)","decl":{"start":{"line":26,"column":7},"end":{"line":26,"column":8}},"loc":{"start":{"line":27,"column":8},"end":{"line":90,"column":null}}},"3":{"name":"(anonymous_3)","decl":{"start":{"line":46,"column":36},"end":{"line":46,"column":37}},"loc":{"start":{"line":47,"column":22},"end":{"line":48,"column":null}}},"4":{"name":"(anonymous_4)","decl":{"start":{"line":72,"column":30},"end":{"line":72,"column":31}},"loc":{"start":{"line":73,"column":16},"end":{"line":74,"column":null}}}},"branchMap":{"0":{"loc":{"start":{"line":34,"column":19},"end":{"line":37,"column":null}},"type":"cond-expr","locations":[{"start":{"line":35,"column":20},"end":{"line":35,"column":78}},{"start":{"line":37,"column":20},"end":{"line":37,"column":78}}]},"1":{"loc":{"start":{"line":51,"column":26},"end":{"line":53,"column":80}},"type":"cond-expr","locations":[{"start":{"line":52,"column":30},"end":{"line":52,"column":66}},{"start":{"line":53,"column":30},"end":{"line":53,"column":80}}]},"2":{"loc":{"start":{"line":57,"column":26},"end":{"line":57,"column":78}},"type":"cond-expr","locations":[{"start":{"line":57,"column":60},"end":{"line":57,"column":66}},{"start":{"line":57,"column":69},"end":{"line":57,"column":78}}]},"3":{"loc":{"start":{"line":77,"column":20},"end":{"line":79,"column":74}},"type":"cond-expr","locations":[{"start":{"line":78,"column":24},"end":{"line":78,"column":48}},{"start":{"line":79,"column":24},"end":{"line":79,"column":74}}]},"4":{"loc":{"start":{"line":83,"column":20},"end":{"line":83,"column":72}},"type":"cond-expr","locations":[{"start":{"line":83,"column":54},"end":{"line":83,"column":60}},{"start":{"line":83,"column":63},"end":{"line":83,"column":72}}]}},"s":{"0":0,"1":0,"2":0,"3":0,"4":0,"5":0,"6":0,"7":0,"8":0,"9":0,"10":0},"f":{"0":0,"1":0,"2":0,"3":0,"4":0},"b":{"0":[0,0],"1":[0,0],"2":[0,0],"3":[0,0],"4":[0,0]}}
,"/Users/gabrielvarli/christmas-project/frontend/src/components/ProductCard.tsx": {"path":"/Users/gabrielvarli/christmas-project/frontend/src/components/ProductCard.tsx","statementMap":{"0":{"start":{"line":1,"column":0},"end":{"line":1,"column":40}},"1":{"start":{"line":3,"column":0},"end":{"line":3,"column":40}},"2":{"start":{"line":4,"column":0},"end":{"line":4,"column":55}},"3":{"start":{"line":10,"column":42},"end":{"line":55,"column":1}},"4":{"start":{"line":11,"column":22},"end":{"line":11,"column":31}},"5":{"start":{"line":13,"column":2},"end":{"line":15,"column":3}},"6":{"start":{"line":14,"column":4},"end":{"line":14,"column":16}},"7":{"start":{"line":17,"column":23},"end":{"line":17,"column":34}},"8":{"start":{"line":20,"column":20},"end":{"line":22,"column":25}},"9":{"start":{"line":21,"column":4},"end":{"line":21,"column":56}},"10":{"start":{"line":24,"column":2},"end":{"line":54,"column":4}},"11":{"start":{"line":57,"column":0},"end":{"line":57,"column":27}}},"fnMap":{"0":{"name":"(anonymous_0)","decl":{"start":{"line":10,"column":42},"end":{"line":10,"column":43}},"loc":{"start":{"line":10,"column":58},"end":{"line":55,"column":1}}},"1":{"name":"(anonymous_1)","decl":{"start":{"line":20,"column":32},"end":{"line":20,"column":35}},"loc":{"start":{"line":20,"column":37},"end":{"line":22,"column":3}}}},"branchMap":{"0":{"loc":{"start":{"line":13,"column":2},"end":{"line":15,"column":3}},"type":"if","locations":[{"start":{"line":13,"column":2},"end":{"line":15,"column":3}}]}},"s":{"0":1,"1":1,"2":1,"3":1,"4":0,"5":0,"6":0,"7":0,"8":0,"9":0,"10":0,"11":1},"f":{"0":0,"1":0},"b":{"0":[0]}}
,"/Users/gabrielvarli/christmas-project/frontend/src/components/ProductDetail.tsx": {"path":"/Users/gabrielvarli/christmas-project/frontend/src/components/ProductDetail.tsx","statementMap":{"0":{"start":{"line":2,"column":0},"end":{"line":2,"column":50}},"1":{"start":{"line":3,"column":0},"end":{"line":3,"column":55}},"2":{"start":{"line":9,"column":46},"end":{"line":125,"column":1}},"3":{"start":{"line":10,"column":28},"end":{"line":10,"column":47}},"4":{"start":{"line":11,"column":22},"end":{"line":11,"column":31}},"5":{"start":{"line":13,"column":2},"end":{"line":13,"column":32}},"6":{"start":{"line":13,"column":20},"end":{"line":13,"column":32}},"7":{"start":{"line":15,"column":23},"end":{"line":15,"column":34}},"8":{"start":{"line":17,"column":20},"end":{"line":21,"column":32}},"9":{"start":{"line":18,"column":4},"end":{"line":20,"column":5}},"10":{"start":{"line":18,"column":17},"end":{"line":18,"column":18}},"11":{"start":{"line":19,"column":6},"end":{"line":19,"column":58}},"12":{"start":{"line":23,"column":26},"end":{"line":25,"column":8}},"13":{"start":{"line":24,"column":4},"end":{"line":24,"column":43}},"14":{"start":{"line":24,"column":28},"end":{"line":24,"column":41}},"15":{"start":{"line":27,"column":26},"end":{"line":29,"column":8}},"16":{"start":{"line":28,"column":4},"end":{"line":28,"column":56}},"17":{"start":{"line":28,"column":28},"end":{"line":28,"column":54}},"18":{"start":{"line":31,"column":28},"end":{"line":36,"column":null}},"19":{"start":{"line":33,"column":20},"end":{"line":33,"column":42}},"20":{"start":{"line":34,"column":6},"end":{"line":34,"column":38}},"21":{"start":{"line":34,"column":22},"end":{"line":34,"column":38}},"22":{"start":{"line":39,"column":2},"end":{"line":124,"column":4}},"23":{"start":{"line":127,"column":0},"end":{"line":127,"column":29}}},"fnMap":{"0":{"name":"(anonymous_0)","decl":{"start":{"line":9,"column":46},"end":{"line":9,"column":47}},"loc":{"start":{"line":9,"column":62},"end":{"line":125,"column":1}}},"1":{"name":"(anonymous_1)","decl":{"start":{"line":17,"column":32},"end":{"line":17,"column":35}},"loc":{"start":{"line":17,"column":37},"end":{"line":21,"column":3}}},"2":{"name":"(anonymous_2)","decl":{"start":{"line":23,"column":38},"end":{"line":23,"column":41}},"loc":{"start":{"line":23,"column":43},"end":{"line":25,"column":3}}},"3":{"name":"(anonymous_3)","decl":{"start":{"line":24,"column":13},"end":{"line":24,"column":14}},"loc":{"start":{"line":24,"column":28},"end":{"line":24,"column":41}}},"4":{"name":"(anonymous_4)","decl":{"start":{"line":27,"column":38},"end":{"line":27,"column":41}},"loc":{"start":{"line":27,"column":43},"end":{"line":29,"column":3}}},"5":{"name":"(anonymous_5)","decl":{"start":{"line":28,"column":13},"end":{"line":28,"column":14}},"loc":{"start":{"line":28,"column":28},"end":{"line":28,"column":54}}},"6":{"name":"(anonymous_6)","decl":{"start":{"line":32,"column":4},"end":{"line":32,"column":5}},"loc":{"start":{"line":32,"column":47},"end":{"line":35,"column":5}}}},"branchMap":{"0":{"loc":{"start":{"line":13,"column":2},"end":{"line":13,"column":32}},"type":"if","locations":[{"start":{"line":13,"column":2},"end":{"line":13,"column":32}}]},"1":{"loc":{"start":{"line":34,"column":6},"end":{"line":34,"column":38}},"type":"if","locations":[{"start":{"line":34,"column":6},"end":{"line":34,"column":38}}]},"2":{"loc":{"start":{"line":71,"column":24},"end":{"line":75,"column":null}},"type":"cond-expr","locations":[{"start":{"line":72,"column":28},"end":{"line":72,"column":42}},{"start":{"line":73,"column":28},"end":{"line":75,"column":null}}]},"3":{"loc":{"start":{"line":73,"column":28},"end":{"line":75,"column":null}},"type":"cond-expr","locations":[{"start":{"line":74,"column":28},"end":{"line":74,"column":43}},{"start":{"line":75,"column":28},"end":{"line":75,"column":null}}]}},"s":{"0":1,"1":1,"2":1,"3":9,"4":9,"5":9,"6":0,"7":9,"8":9,"9":1,"10":1,"11":1,"12":9,"13":1,"14":1,"15":9,"16":2,"17":2,"18":9,"19":0,"20":0,"21":0,"22":9,"23":1},"f":{"0":9,"1":1,"2":1,"3":1,"4":2,"5":2,"6":0},"b":{"0":[0],"1":[0],"2":[0,9],"3":[9,0]}}
,"/Users/gabrielvarli/christmas-project/frontend/src/components/ShoppingCart.tsx": {"path":"/Users/gabrielvarli/christmas-project/frontend/src/components/ShoppingCart.tsx","statementMap":{"0":{"start":{"line":9,"column":50},"end":{"line":28,"column":1}},"1":{"start":{"line":14,"column":2},"end":{"line":16,"column":3}},"2":{"start":{"line":15,"column":4},"end":{"line":15,"column":16}},"3":{"start":{"line":18,"column":2},"end":{"line":27,"column":4}},"4":{"start":{"line":30,"column":0},"end":{"line":30,"column":28}}},"fnMap":{"0":{"name":"(anonymous_0)","decl":{"start":{"line":9,"column":50},"end":{"line":9,"column":51}},"loc":{"start":{"line":13,"column":24},"end":{"line":28,"column":1}}}},"branchMap":{"0":{"loc":{"start":{"line":14,"column":2},"end":{"line":16,"column":3}},"type":"if","locations":[{"start":{"line":14,"column":2},"end":{"line":16,"column":3}}]}},"s":{"0":0,"1":0,"2":0,"3":0,"4":0},"f":{"0":0},"b":{"0":[0]}}
,"/Users/gabrielvarli/christmas-project/frontend/src/pages/About.tsx": {"path":"/Users/gabrielvarli/christmas-project/frontend/src/pages/About.tsx","statementMap":{"0":{"start":{"line":42,"column":24},"end":{"line":111,"column":1}},"1":{"start":{"line":43,"column":2},"end":{"line":110,"column":4}},"2":{"start":{"line":113,"column":0},"end":{"line":113,"column":21}}},"fnMap":{"0":{"name":"(anonymous_0)","decl":{"start":{"line":42,"column":24},"end":{"line":42,"column":27}},"loc":{"start":{"line":42,"column":29},"end":{"line":111,"column":1}}}},"branchMap":{},"s":{"0":1,"1":4,"2":1},"f":{"0":4},"b":{}}
,"/Users/gabrielvarli/christmas-project/frontend/src/pages/Contact.tsx": {"path":"/Users/gabrielvarli/christmas-project/frontend/src/pages/Contact.tsx","statementMap":{"0":{"start":{"line":80,"column":26},"end":{"line":180,"column":1}},"1":{"start":{"line":81,"column":2},"end":{"line":179,"column":4}},"2":{"start":{"line":98,"column":25},"end":{"line":98,"column":43}},"3":{"start":{"line":182,"column":0},"end":{"line":182,"column":23}}},"fnMap":{"0":{"name":"(anonymous_0)","decl":{"start":{"line":80,"column":26},"end":{"line":80,"column":29}},"loc":{"start":{"line":80,"column":31},"end":{"line":180,"column":1}}},"1":{"name":"(anonymous_1)","decl":{"start":{"line":98,"column":18},"end":{"line":98,"column":19}},"loc":{"start":{"line":98,"column":25},"end":{"line":98,"column":43}}}},"branchMap":{},"s":{"0":0,"1":0,"2":0,"3":0},"f":{"0":0,"1":0},"b":{}}
,"/Users/gabrielvarli/christmas-project/frontend/src/pages/Home.tsx": {"path":"/Users/gabrielvarli/christmas-project/frontend/src/pages/Home.tsx","statementMap":{"0":{"start":{"line":1,"column":0},"end":{"line":1,"column":38}},"1":{"start":{"line":2,"column":0},"end":{"line":2,"column":57}},"2":{"start":{"line":4,"column":0},"end":{"line":4,"column":48}},"3":{"start":{"line":5,"column":0},"end":{"line":5,"column":40}},"4":{"start":{"line":7,"column":13},"end":{"line":65,"column":1}},"5":{"start":{"line":8,"column":19},"end":{"line":8,"column":59}},"6":{"start":{"line":10,"column":2},"end":{"line":64,"column":4}},"7":{"start":{"line":49,"column":10},"end":{"line":49,"column":31}},"8":{"start":{"line":67,"column":0},"end":{"line":67,"column":20}}},"fnMap":{"0":{"name":"(anonymous_1)","decl":{"start":{"line":7,"column":13},"end":{"line":7,"column":16}},"loc":{"start":{"line":7,"column":18},"end":{"line":65,"column":1}}},"1":{"name":"(anonymous_2)","decl":{"start":{"line":48,"column":14},"end":{"line":48,"column":15}},"loc":{"start":{"line":49,"column":10},"end":{"line":49,"column":31}}}},"branchMap":{},"s":{"0":1,"1":1,"2":1,"3":1,"4":1,"5":6,"6":6,"7":12,"8":1},"f":{"0":6,"1":12},"b":{}}
,"/Users/gabrielvarli/christmas-project/frontend/src/pages/PageNotFound.tsx": {"path":"/Users/gabrielvarli/christmas-project/frontend/src/pages/PageNotFound.tsx","statementMap":{"0":{"start":{"line":1,"column":21},"end":{"line":26,"column":1}},"1":{"start":{"line":2,"column":2},"end":{"line":25,"column":4}},"2":{"start":{"line":28,"column":0},"end":{"line":28,"column":28}}},"fnMap":{"0":{"name":"(anonymous_0)","decl":{"start":{"line":1,"column":21},"end":{"line":1,"column":24}},"loc":{"start":{"line":1,"column":26},"end":{"line":26,"column":1}}}},"branchMap":{},"s":{"0":0,"1":0,"2":0},"f":{"0":0},"b":{}}
,"/Users/gabrielvarli/christmas-project/frontend/src/pages/ProductInfoPage.tsx": {"path":"/Users/gabrielvarli/christmas-project/frontend/src/pages/ProductInfoPage.tsx","statementMap":{"0":{"start":{"line":1,"column":0},"end":{"line":1,"column":63}},"1":{"start":{"line":3,"column":0},"end":{"line":3,"column":44}},"2":{"start":{"line":4,"column":0},"end":{"line":4,"column":56}},"3":{"start":{"line":5,"column":0},"end":{"line":5,"column":54}},"4":{"start":{"line":6,"column":0},"end":{"line":6,"column":52}},"5":{"start":{"line":8,"column":24},"end":{"line":53,"column":1}},"6":{"start":{"line":9,"column":17},"end":{"line":9,"column":44}},"7":{"start":{"line":10,"column":22},"end":{"line":10,"column":55}},"8":{"start":{"line":12,"column":28},"end":{"line":20,"column":4}},"9":{"start":{"line":22,"column":2},"end":{"line":36,"column":24}},"10":{"start":{"line":23,"column":4},"end":{"line":26,"column":5}},"11":{"start":{"line":24,"column":6},"end":{"line":24,"column":71}},"12":{"start":{"line":25,"column":6},"end":{"line":25,"column":13}},"13":{"start":{"line":28,"column":22},"end":{"line":28,"column":32}},"14":{"start":{"line":29,"column":24},"end":{"line":29,"column":67}},"15":{"start":{"line":29,"column":48},"end":{"line":29,"column":66}},"16":{"start":{"line":31,"column":4},"end":{"line":35,"column":5}},"17":{"start":{"line":32,"column":6},"end":{"line":32,"column":59}},"18":{"start":{"line":34,"column":6},"end":{"line":34,"column":77}},"19":{"start":{"line":38,"column":40},"end":{"line":38,"column":45}},"20":{"start":{"line":40,"column":2},"end":{"line":42,"column":3}},"21":{"start":{"line":41,"column":4},"end":{"line":41,"column":61}},"22":{"start":{"line":44,"column":2},"end":{"line":46,"column":3}},"23":{"start":{"line":45,"column":4},"end":{"line":45,"column":41}},"24":{"start":{"line":48,"column":2},"end":{"line":50,"column":3}},"25":{"start":{"line":49,"column":4},"end":{"line":49,"column":47}},"26":{"start":{"line":52,"column":2},"end":{"line":52,"column":60}},"27":{"start":{"line":55,"column":0},"end":{"line":55,"column":31}}},"fnMap":{"0":{"name":"(anonymous_1)","decl":{"start":{"line":8,"column":24},"end":{"line":8,"column":27}},"loc":{"start":{"line":8,"column":29},"end":{"line":53,"column":1}}},"1":{"name":"(anonymous_2)","decl":{"start":{"line":22,"column":12},"end":{"line":22,"column":15}},"loc":{"start":{"line":22,"column":17},"end":{"line":36,"column":3}}},"2":{"name":"(anonymous_3)","decl":{"start":{"line":29,"column":41},"end":{"line":29,"column":42}},"loc":{"start":{"line":29,"column":48},"end":{"line":29,"column":66}}}},"branchMap":{"0":{"loc":{"start":{"line":23,"column":4},"end":{"line":26,"column":5}},"type":"if","locations":[{"start":{"line":23,"column":4},"end":{"line":26,"column":5}}]},"1":{"loc":{"start":{"line":31,"column":4},"end":{"line":35,"column":5}},"type":"if","locations":[{"start":{"line":31,"column":4},"end":{"line":35,"column":5}},{"start":{"line":33,"column":11},"end":{"line":35,"column":5}}]},"2":{"loc":{"start":{"line":40,"column":2},"end":{"line":42,"column":3}},"type":"if","locations":[{"start":{"line":40,"column":2},"end":{"line":42,"column":3}}]},"3":{"loc":{"start":{"line":44,"column":2},"end":{"line":46,"column":3}},"type":"if","locations":[{"start":{"line":44,"column":2},"end":{"line":46,"column":3}}]},"4":{"loc":{"start":{"line":48,"column":2},"end":{"line":50,"column":3}},"type":"if","locations":[{"start":{"line":48,"column":2},"end":{"line":50,"column":3}}]}},"s":{"0":0,"1":0,"2":0,"3":0,"4":0,"5":0,"6":0,"7":0,"8":0,"9":0,"10":0,"11":0,"12":0,"13":0,"14":0,"15":0,"16":0,"17":0,"18":0,"19":0,"20":0,"21":0,"22":0,"23":0,"24":0,"25":0,"26":0,"27":0},"f":{"0":0,"1":0,"2":0},"b":{"0":[0],"1":[0,0],"2":[0],"3":[0],"4":[0]}}
,"/Users/gabrielvarli/christmas-project/frontend/src/pages/Products.tsx": {"path":"/Users/gabrielvarli/christmas-project/frontend/src/pages/Products.tsx","statementMap":{"0":{"start":{"line":31,"column":0},"end":{"line":31,"column":52}},"1":{"start":{"line":32,"column":0},"end":{"line":32,"column":52}},"2":{"start":{"line":33,"column":0},"end":{"line":33,"column":38}},"3":{"start":{"line":34,"column":0},"end":{"line":34,"column":54}},"4":{"start":{"line":36,"column":0},"end":{"line":36,"column":57}},"5":{"start":{"line":38,"column":17},"end":{"line":59,"column":1}},"6":{"start":{"line":39,"column":34},"end":{"line":39,"column":73}},"7":{"start":{"line":40,"column":30},"end":{"line":40,"column":61}},"8":{"start":{"line":42,"column":2},"end":{"line":58,"column":4}},"9":{"start":{"line":51,"column":12},"end":{"line":51,"column":42}},"10":{"start":{"line":61,"column":0},"end":{"line":61,"column":24}}},"fnMap":{"0":{"name":"(anonymous_1)","decl":{"start":{"line":38,"column":17},"end":{"line":38,"column":20}},"loc":{"start":{"line":38,"column":22},"end":{"line":59,"column":1}}},"1":{"name":"(anonymous_2)","decl":{"start":{"line":50,"column":23},"end":{"line":50,"column":24}},"loc":{"start":{"line":51,"column":12},"end":{"line":51,"column":42}}}},"branchMap":{"0":{"loc":{"start":{"line":39,"column":34},"end":{"line":39,"column":73}},"type":"binary-expr","locations":[{"start":{"line":39,"column":34},"end":{"line":39,"column":67}},{"start":{"line":39,"column":71},"end":{"line":39,"column":73}}]},"1":{"loc":{"start":{"line":49,"column":9},"end":{"line":54,"column":null}},"type":"cond-expr","locations":[{"start":{"line":50,"column":10},"end":{"line":52,"column":12}},{"start":{"line":54,"column":10},"end":{"line":54,"column":95}}]}},"s":{"0":1,"1":1,"2":1,"3":1,"4":1,"5":1,"6":3,"7":3,"8":3,"9":0,"10":1},"f":{"0":3,"1":0},"b":{"0":[3,3],"1":[0,3]}}
,"/Users/gabrielvarli/christmas-project/frontend/src/pages/Root.tsx": {"path":"/Users/gabrielvarli/christmas-project/frontend/src/pages/Root.tsx","statementMap":{"0":{"start":{"line":1,"column":0},"end":{"line":1,"column":57}},"1":{"start":{"line":2,"column":0},"end":{"line":2,"column":42}},"2":{"start":{"line":4,"column":0},"end":{"line":4,"column":42}},"3":{"start":{"line":5,"column":0},"end":{"line":5,"column":42}},"4":{"start":{"line":7,"column":13},"end":{"line":18,"column":1}},"5":{"start":{"line":8,"column":36},"end":{"line":8,"column":75}},"6":{"start":{"line":10,"column":2},"end":{"line":17,"column":4}},"7":{"start":{"line":20,"column":0},"end":{"line":20,"column":20}}},"fnMap":{"0":{"name":"(anonymous_1)","decl":{"start":{"line":7,"column":13},"end":{"line":7,"column":16}},"loc":{"start":{"line":7,"column":18},"end":{"line":18,"column":1}}}},"branchMap":{"0":{"loc":{"start":{"line":8,"column":36},"end":{"line":8,"column":75}},"type":"binary-expr","locations":[{"start":{"line":8,"column":36},"end":{"line":8,"column":69}},{"start":{"line":8,"column":73},"end":{"line":8,"column":75}}]}},"s":{"0":0,"1":0,"2":0,"3":0,"4":0,"5":0,"6":0,"7":0},"f":{"0":0},"b":{"0":[0,0]}}
,"/Users/gabrielvarli/christmas-project/frontend/src/utils/http.ts": {"path":"/Users/gabrielvarli/christmas-project/frontend/src/utils/http.ts","statementMap":{"0":{"start":{"line":1,"column":0},"end":{"line":1,"column":32}},"1":{"start":{"line":2,"column":0},"end":{"line":2,"column":26}},"2":{"start":{"line":7,"column":30},"end":{"line":16,"column":3}},"3":{"start":{"line":8,"column":28},"end":{"line":8,"column":45}},"4":{"start":{"line":9,"column":4},"end":{"line":15,"column":5}},"5":{"start":{"line":10,"column":23},"end":{"line":10,"column":65}},"6":{"start":{"line":11,"column":6},"end":{"line":11,"column":32}},"7":{"start":{"line":13,"column":6},"end":{"line":13,"column":null}},"8":{"start":{"line":14,"column":6},"end":{"line":14,"column":18}},"9":{"start":{"line":7,"column":13},"end":{"line":7,"column":30}}},"fnMap":{"0":{"name":"(anonymous_1)","decl":{"start":{"line":7,"column":30},"end":{"line":7,"column":35}},"loc":{"start":{"line":7,"column":73},"end":{"line":16,"column":3}}}},"branchMap":{},"s":{"0":0,"1":0,"2":0,"3":0,"4":0,"5":0,"6":0,"7":0,"8":0,"9":0},"f":{"0":0},"b":{}}
,"/Users/gabrielvarli/christmas-project/frontend/src/utils/state.ts": {"path":"/Users/gabrielvarli/christmas-project/frontend/src/utils/state.ts","statementMap":{"0":{"start":{"line":9,"column":15},"end":{"line":13,"column":6}}},"fnMap":{},"branchMap":{},"s":{"0":0},"f":{},"b":{}}
,"/Users/gabrielvarli/christmas-project/frontend/src/utils/context/cartContext.tsx": {"path":"/Users/gabrielvarli/christmas-project/frontend/src/utils/context/cartContext.tsx","statementMap":{"0":{"start":{"line":32,"column":0},"end":{"line":32,"column":16}},"1":{"start":{"line":1,"column":0},"end":{"line":1,"column":73}},"2":{"start":{"line":4,"column":20},"end":{"line":6,"column":12}},"3":{"start":{"line":9,"column":2},"end":{"line":14,"column":3}},"4":{"start":{"line":11,"column":6},"end":{"line":11,"column":69}},"5":{"start":{"line":13,"column":6},"end":{"line":13,"column":19}},"6":{"start":{"line":21,"column":34},"end":{"line":21,"column":48}},"7":{"start":{"line":22,"column":32},"end":{"line":22,"column":69}},"8":{"start":{"line":24,"column":2},"end":{"line":28,"column":4}},"9":{"start":{"line":30,"column":0},"end":{"line":30,"column":28}},"10":{"start":{"line":33,"column":18},"end":{"line":33,"column":41}},"11":{"start":{"line":34,"column":2},"end":{"line":36,"column":3}},"12":{"start":{"line":35,"column":4},"end":{"line":35,"column":66}},"13":{"start":{"line":37,"column":2},"end":{"line":37,"column":17}}},"fnMap":{"0":{"name":"cartReducer","decl":{"start":{"line":8,"column":9},"end":{"line":8,"column":20}},"loc":{"start":{"line":8,"column":57},"end":{"line":15,"column":1}}},"1":{"name":"CartProvider","decl":{"start":{"line":20,"column":9},"end":{"line":20,"column":21}},"loc":{"start":{"line":20,"column":53},"end":{"line":29,"column":1}}},"2":{"name":"useCart","decl":{"start":{"line":32,"column":16},"end":{"line":32,"column":23}},"loc":{"start":{"line":32,"column":23},"end":{"line":38,"column":1}}}},"branchMap":{"0":{"loc":{"start":{"line":9,"column":2},"end":{"line":14,"column":3}},"type":"switch","locations":[{"start":{"line":10,"column":4},"end":{"line":11,"column":69}},{"start":{"line":12,"column":4},"end":{"line":13,"column":19}}]},"1":{"loc":{"start":{"line":34,"column":2},"end":{"line":36,"column":3}},"type":"if","locations":[{"start":{"line":34,"column":2},"end":{"line":36,"column":3}}]}},"s":{"0":2,"1":2,"2":2,"3":1,"4":1,"5":0,"6":6,"7":6,"8":6,"9":2,"10":9,"11":9,"12":0,"13":9},"f":{"0":1,"1":6,"2":9},"b":{"0":[1,0],"1":[0]}}
}
