TN:
SF:src/App.tsx
FN:18,App
FNF:1
FNH:0
FNDA:0,App
DA:1,0
DA:7,0
DA:8,0
DA:9,0
DA:10,0
DA:11,0
DA:12,0
DA:13,0
DA:14,0
DA:15,0
DA:16,0
DA:20,0
DA:33,0
DA:40,0
LF:14
LH:0
BRF:0
BRH:0
end_of_record
TN:
SF:src/main.tsx
FNF:0
FNH:0
DA:1,0
DA:2,0
DA:3,0
DA:4,0
DA:6,0
LF:5
LH:0
BRF:0
BRH:0
end_of_record
TN:
SF:src/components/BlinkingSanta.tsx
FN:3,(anonymous_0)
FN:6,(anonymous_1)
FN:7,(anonymous_2)
FN:8,(anonymous_3)
FN:11,(anonymous_4)
FNF:5
FNH:0
FNDA:0,(anonymous_0)
FNDA:0,(anonymous_1)
FNDA:0,(anonymous_2)
FNDA:0,(anonymous_3)
FNDA:0,(anonymous_4)
DA:1,0
DA:3,0
DA:4,0
DA:6,0
DA:7,0
DA:8,0
DA:11,0
DA:14,0
DA:29,0
LF:9
LH:0
BRDA:16,0,0,0
BRDA:16,0,1,0
BRF:2
BRH:0
end_of_record
TN:
SF:src/components/CountDownDetail.tsx
FN:6,(anonymous_0)
FNF:1
FNH:1
FNDA:24,(anonymous_0)
DA:6,1
DA:7,24
DA:15,1
LF:3
LH:3
BRF:0
BRH:0
end_of_record
TN:
SF:src/components/Countdown.tsx
FN:11,(anonymous_1)
FN:20,(anonymous_2)
FN:41,(anonymous_3)
FN:42,(anonymous_4)
FN:46,(anonymous_5)
FNF:5
FNH:3
FNDA:6,(anonymous_1)
FNDA:0,(anonymous_2)
FNDA:6,(anonymous_3)
FNDA:0,(anonymous_4)
FNDA:6,(anonymous_5)
DA:1,1
DA:2,1
DA:11,1
DA:12,6
DA:13,6
DA:20,6
DA:21,0
DA:22,0
DA:24,0
DA:25,0
DA:33,0
DA:41,6
DA:42,6
DA:43,0
DA:46,6
DA:49,6
DA:51,6
DA:61,1
LF:18
LH:12
BRDA:24,0,0,0
BRF:1
BRH:0
end_of_record
TN:
SF:src/components/ErrorMessage.tsx
FN:5,(anonymous_0)
FNF:1
FNH:1
FNDA:3,(anonymous_0)
DA:5,1
DA:6,3
DA:27,1
LF:3
LH:3
BRF:0
BRH:0
end_of_record
TN:
SF:src/components/Footer.tsx
FN:3,(anonymous_0)
FNF:1
FNH:0
FNDA:0,(anonymous_0)
DA:1,0
DA:3,0
DA:4,0
DA:48,0
LF:4
LH:0
BRF:0
BRH:0
end_of_record
TN:
SF:src/components/Header.tsx
FN:6,(anonymous_1)
FN:17,(anonymous_2)
FN:17,(anonymous_3)
FN:54,(anonymous_4)
FNF:4
FNH:0
FNDA:0,(anonymous_1)
FNDA:0,(anonymous_2)
FNDA:0,(anonymous_3)
FNDA:0,(anonymous_4)
DA:1,0
DA:2,0
DA:3,0
DA:4,0
DA:6,0
DA:7,0
DA:8,0
DA:10,0
DA:12,0
DA:13,0
DA:15,0
DA:17,0
DA:19,0
DA:55,0
DA:81,0
LF:15
LH:0
BRDA:10,0,0,0
BRDA:42,1,0,0
BRDA:42,1,1,0
BRDA:53,2,0,0
BRDA:53,2,1,0
BRF:5
BRH:0
end_of_record
TN:
SF:src/components/Hero.tsx
FN:4,(anonymous_0)
FN:47,getHeroPropsForPage
FNF:2
FNH:2
FNDA:9,(anonymous_0)
FNDA:9,getHeroPropsForPage
DA:1,2
DA:4,2
DA:5,9
DA:45,2
DA:47,2
DA:48,9
DA:63,9
DA:64,9
DA:67,0
LF:9
LH:8
BRDA:23,0,0,9
BRDA:23,0,1,6
BRDA:63,1,0,9
BRF:3
BRH:3
end_of_record
TN:
SF:src/components/LoadingPage.tsx
FN:7,(anonymous_0)
FNF:1
FNH:0
FNDA:0,(anonymous_0)
DA:7,0
DA:8,0
DA:28,0
LF:3
LH:0
BRF:0
BRH:0
end_of_record
TN:
SF:src/components/Navbar.tsx
FN:17,classNames
FN:21,Navbar
FN:26,(anonymous_2)
FN:46,(anonymous_3)
FN:72,(anonymous_4)
FNF:5
FNH:0
FNDA:0,classNames
FNDA:0,Navbar
FNDA:0,(anonymous_2)
FNDA:0,(anonymous_3)
FNDA:0,(anonymous_4)
DA:1,0
DA:2,0
DA:3,0
DA:10,0
DA:18,0
DA:21,0
DA:22,0
DA:24,0
DA:27,0
DA:47,0
DA:73,0
LF:11
LH:0
BRDA:34,0,0,0
BRDA:34,0,1,0
BRDA:51,1,0,0
BRDA:51,1,1,0
BRDA:57,2,0,0
BRDA:57,2,1,0
BRDA:77,3,0,0
BRDA:77,3,1,0
BRDA:83,4,0,0
BRDA:83,4,1,0
BRF:10
BRH:0
end_of_record
TN:
SF:src/components/ProductCard.tsx
FN:10,(anonymous_0)
FN:20,(anonymous_1)
FNF:2
FNH:0
FNDA:0,(anonymous_0)
FNDA:0,(anonymous_1)
DA:1,1
DA:3,1
DA:4,1
DA:10,1
DA:11,0
DA:13,0
DA:14,0
DA:17,0
DA:20,0
DA:21,0
DA:24,0
DA:57,1
LF:12
LH:5
BRDA:13,0,0,0
BRF:1
BRH:0
end_of_record
TN:
SF:src/components/ProductDetail.tsx
FN:9,(anonymous_0)
FN:17,(anonymous_1)
FN:23,(anonymous_2)
FN:24,(anonymous_3)
FN:27,(anonymous_4)
FN:28,(anonymous_5)
FN:32,(anonymous_6)
FNF:7
FNH:6
FNDA:9,(anonymous_0)
FNDA:1,(anonymous_1)
FNDA:1,(anonymous_2)
FNDA:1,(anonymous_3)
FNDA:2,(anonymous_4)
FNDA:2,(anonymous_5)
FNDA:0,(anonymous_6)
DA:2,1
DA:3,1
DA:9,1
DA:10,9
DA:11,9
DA:13,9
DA:15,9
DA:17,9
DA:18,1
DA:19,1
DA:23,9
DA:24,1
DA:27,9
DA:28,2
DA:31,9
DA:33,0
DA:34,0
DA:39,9
DA:127,1
LF:19
LH:17
BRDA:13,0,0,0
BRDA:34,1,0,0
BRDA:71,2,0,0
BRDA:71,2,1,9
BRDA:73,3,0,9
BRDA:73,3,1,0
BRF:6
BRH:2
end_of_record
TN:
SF:src/components/ShoppingCart.tsx
FN:9,(anonymous_0)
FNF:1
FNH:0
FNDA:0,(anonymous_0)
DA:9,0
DA:14,0
DA:15,0
DA:18,0
DA:30,0
LF:5
LH:0
BRDA:14,0,0,0
BRF:1
BRH:0
end_of_record
TN:
SF:src/pages/About.tsx
FN:42,(anonymous_0)
FNF:1
FNH:1
FNDA:4,(anonymous_0)
DA:42,1
DA:43,4
DA:113,1
LF:3
LH:3
BRF:0
BRH:0
end_of_record
TN:
SF:src/pages/Contact.tsx
FN:80,(anonymous_0)
FN:98,(anonymous_1)
FNF:2
FNH:0
FNDA:0,(anonymous_0)
FNDA:0,(anonymous_1)
DA:80,0
DA:81,0
DA:98,0
DA:182,0
LF:4
LH:0
BRF:0
BRH:0
end_of_record
TN:
SF:src/pages/Home.tsx
FN:7,(anonymous_1)
FN:48,(anonymous_2)
FNF:2
FNH:2
FNDA:6,(anonymous_1)
FNDA:12,(anonymous_2)
DA:1,1
DA:2,1
DA:4,1
DA:5,1
DA:7,1
DA:8,6
DA:10,6
DA:49,12
DA:67,1
LF:9
LH:9
BRF:0
BRH:0
end_of_record
TN:
SF:src/pages/PageNotFound.tsx
FN:1,(anonymous_0)
FNF:1
FNH:0
FNDA:0,(anonymous_0)
DA:1,0
DA:2,0
DA:28,0
LF:3
LH:0
BRF:0
BRH:0
end_of_record
TN:
SF:src/pages/ProductInfoPage.tsx
FN:8,(anonymous_1)
FN:22,(anonymous_2)
FN:29,(anonymous_3)
FNF:3
FNH:0
FNDA:0,(anonymous_1)
FNDA:0,(anonymous_2)
FNDA:0,(anonymous_3)
DA:1,0
DA:3,0
DA:4,0
DA:5,0
DA:6,0
DA:8,0
DA:9,0
DA:10,0
DA:12,0
DA:22,0
DA:23,0
DA:24,0
DA:25,0
DA:28,0
DA:29,0
DA:31,0
DA:32,0
DA:34,0
DA:38,0
DA:40,0
DA:41,0
DA:44,0
DA:45,0
DA:48,0
DA:49,0
DA:52,0
DA:55,0
LF:27
LH:0
BRDA:23,0,0,0
BRDA:31,1,0,0
BRDA:31,1,1,0
BRDA:40,2,0,0
BRDA:44,3,0,0
BRDA:48,4,0,0
BRF:6
BRH:0
end_of_record
TN:
SF:src/pages/Products.tsx
FN:38,(anonymous_1)
FN:50,(anonymous_2)
FNF:2
FNH:1
FNDA:3,(anonymous_1)
FNDA:0,(anonymous_2)
DA:31,1
DA:32,1
DA:33,1
DA:34,1
DA:36,1
DA:38,1
DA:39,3
DA:40,3
DA:42,3
DA:51,0
DA:61,1
LF:11
LH:10
BRDA:39,0,0,3
BRDA:39,0,1,3
BRDA:49,1,0,0
BRDA:49,1,1,3
BRF:4
BRH:3
end_of_record
TN:
SF:src/pages/Root.tsx
FN:7,(anonymous_1)
FNF:1
FNH:0
FNDA:0,(anonymous_1)
DA:1,0
DA:2,0
DA:4,0
DA:5,0
DA:7,0
DA:8,0
DA:10,0
DA:20,0
LF:8
LH:0
BRDA:8,0,0,0
BRDA:8,0,1,0
BRF:2
BRH:0
end_of_record
TN:
SF:src/utils/http.ts
FN:7,(anonymous_1)
FNF:1
FNH:0
FNDA:0,(anonymous_1)
DA:1,0
DA:2,0
DA:7,0
DA:8,0
DA:9,0
DA:10,0
DA:11,0
DA:13,0
DA:14,0
LF:9
LH:0
BRF:0
BRH:0
end_of_record
TN:
SF:src/utils/state.ts
FNF:0
FNH:0
DA:9,0
LF:1
LH:0
BRF:0
BRH:0
end_of_record
TN:
SF:src/utils/context/cartContext.tsx
FN:8,cartReducer
FN:20,CartProvider
FN:32,useCart
FNF:3
FNH:3
FNDA:1,cartReducer
FNDA:6,CartProvider
FNDA:9,useCart
DA:1,2
DA:4,2
DA:9,1
DA:11,1
DA:13,0
DA:21,6
DA:22,6
DA:24,6
DA:30,2
DA:32,2
DA:33,9
DA:34,9
DA:35,0
DA:37,9
LF:14
LH:12
BRDA:9,0,0,1
BRDA:9,0,1,0
BRDA:34,1,0,0
BRF:3
BRH:1
end_of_record
